<?xml version='1.0' encoding='UTF-8'?>
<testsuite hostname="e00" name="LittleMoreFunSuite" tests="1" errors="0" failures="0" skipped="0" time="0.029" timestamp="2022-08-09T11:50:25">
          <properties>
      <property name="awt.toolkit" value="sun.awt.X11.XToolkit"/><property name="java.specification.version" value="11"/><property name="sun.cpu.isalist" value=""/><property name="sun.jnu.encoding" value="UTF-8"/><property name="sun.arch.data.model" value="64"/><property name="sbt.supershell" value="false"/><property name="java.vendor.url" value="https://aws.amazon.com/corretto/"/><property name="sun.boot.library.path" value="/home/elvis/.jdks/corretto-11.0.15/lib"/><property name="sun.java.command" value="/home/elvis/.local/share/JetBrains/IntelliJIdea2022.1/Scala/launcher/sbt-launch.jar early(addPluginSbtFile=&quot;&quot;&quot;/tmp/idea.sbt&quot;&quot;&quot;) ; set ideaPort in Global := 33035 ; idea-shell"/><property name="jdk.debug" value="release"/><property name="java.specification.vendor" value="Oracle Corporation"/><property name="java.version.date" value="2022-04-19"/><property name="java.home" value="/home/elvis/.jdks/corretto-11.0.15"/><property name="file.separator" value="/"/><property name="java.vm.compressedOopsMode" value="32-bit"/><property name="line.separator" value="
"/><property name="java.specification.name" value="Java Platform API Specification"/><property name="java.vm.specification.vendor" value="Oracle Corporation"/><property name="idea.installation.dir" value="/opt/intellij-idea-ultimate-edition"/><property name="sun.management.compiler" value="HotSpot 64-Bit Tiered Compilers"/><property name="java.runtime.version" value="11.0.15+9-LTS"/><property name="user.name" value="elvis"/><property name="log4j.ignoreTCL" value="true"/><property name="file.encoding" value="UTF-8"/><property name="jnidispatch.path" value="/home/elvis/.cache/JNA/temp/jna15561825978423927893.tmp"/><property name="java.vendor.version" value="Corretto-11.0.15.9.1"/><property name="jna.loaded" value="true"/><property name="java.io.tmpdir" value="/tmp"/><property name="java.version" value="11.0.15"/><property name="java.vm.specification.name" value="Java Virtual Machine Specification"/><property name="java.awt.printerjob" value="sun.print.PSPrinterJob"/><property name="sun.os.patch.level" value="unknown"/><property name="java.library.path" value="/usr/java/packages/lib:/usr/lib64:/lib64:/lib:/usr/lib"/><property name="java.vendor" value="Amazon.com Inc."/><property name="sun.io.unicode.encoding" value="UnicodeLittle"/><property name="java.class.path" value="/home/elvis/.local/share/JetBrains/IntelliJIdea2022.1/Scala/launcher/sbt-launch.jar"/><property name="java.vm.vendor" value="Amazon.com Inc."/><property name="jline.shutdownhook" value="false"/><property name="user.timezone" value="Africa/Accra"/><property name="os.name" value="Linux"/><property name="java.vm.specification.version" value="11"/><property name="sun.java.launcher" value="SUN_STANDARD"/><property name="user.country" value="US"/><property name="sun.cpu.endian" value="little"/><property name="user.home" value="/home/elvis"/><property name="user.language" value="en"/><property name="sbt.ipcsocket.tmpdir" value="/run/user/1000/.sbt/ipcsocket"/><property name="swoval.tmpdir" value="/run/user/1000/.sbt/swoval"/><property name="java.awt.graphicsenv" value="sun.awt.X11GraphicsEnvironment"/><property name="jline.esc.timeout" value="0"/><property name="path.separator" value=":"/><property name="os.version" value="5.18.5-zen1-1-zen"/><property name="jna.nosys" value="true"/><property name="java.runtime.name" value="OpenJDK Runtime Environment"/><property name="java.vm.name" value="OpenJDK 64-Bit Server VM"/><property name="jna.platform.library.path" value="/usr/lib64:/lib64:/usr/lib:/lib:/usr/lib32:/usr/lib/libfakeroot"/><property name="java.vendor.url.bug" value="https://github.com/corretto/corretto-11/issues/"/><property name="user.dir" value="/home/elvis/Scala_Training/Scala_Exercises/Scala_Exercises"/><property name="os.arch" value="amd64"/><property name="idea.managed" value="true"/><property name="java.vm.info" value="mixed mode"/><property name="java.vm.version" value="11.0.15+9-LTS"/><property name="java.class.version" value="55.0"/>
    </properties>
          <testcase classname="LittleMoreFunSuite" name="Should count the characters in a string using tail recursion" time="0.029">
                      
                    </testcase>
          <system-out><![CDATA[]]></system-out>
          <system-err><![CDATA[]]></system-err>
        </testsuite>